<?xml version="1.0" encoding="UTF-8"?>
<!-- Generated by org.testng.reporters.JUnitXMLReporter -->
<testsuite hostname="DESKTOP-LMC7CMN" ignored="8" name="Surefire test" tests="5" failures="0" timestamp="16 May 2022 12:56:38 GMT" time="1.268" errors="0">
  <testcase name="@BeforeTest setup" time="0.021" classname="com.qa.opencart.base.BaseTest">
    <failure type="java.lang.NullPointerException">
      <![CDATA[java.lang.NullPointerException
at com.qa.opencart.factory.DriverFactory.init_driver(DriverFactory.java:35)
at com.qa.opencart.base.BaseTest.setup(BaseTest.java:34)
... Removed 29 stack frames]]>
    </failure>
  </testcase> <!-- @BeforeTest setup -->
  <testcase name="@BeforeClass AccSetUp" time="0.0" classname="com.qa.opencart.tests.ProductInfoPageTest">
    <skipped/>
  </testcase> <!-- @BeforeClass AccSetUp -->
  <testcase name="@BeforeClass setUpRegister" time="0.0" classname="com.qa.opencart.tests.RegistrationPageTest">
    <skipped/>
  </testcase> <!-- @BeforeClass setUpRegister -->
  <testcase name="@BeforeClass AccSetUp" time="0.0" classname="com.qa.opencart.tests.AccountsPageTests">
    <skipped/>
  </testcase> <!-- @BeforeClass AccSetUp -->
  <testcase name="@AfterTest teardown" time="0.0" classname="com.qa.opencart.base.BaseTest">
    <skipped/>
  </testcase> <!-- @AfterTest teardown -->
  <testcase name="productinfodatatest" time="0.0" classname="com.qa.opencart.tests.ProductInfoPageTest">
    <skipped/>
  </testcase> <!-- productinfodatatest -->
  <testcase name="userRegistrationTest" time="0.0" classname="com.qa.opencart.tests.RegistrationPageTest">
    <skipped/>
  </testcase> <!-- userRegistrationTest -->
  <testcase name="userRegistrationTest" time="0.0" classname="com.qa.opencart.tests.RegistrationPageTest">
    <skipped/>
  </testcase> <!-- userRegistrationTest -->
  <testcase name="userRegistrationTest" time="0.0" classname="com.qa.opencart.tests.RegistrationPageTest">
    <skipped/>
  </testcase> <!-- userRegistrationTest -->
  <testcase name="AccPageTitleTest" time="0.0" classname="com.qa.opencart.tests.AccountsPageTests">
    <skipped/>
  </testcase> <!-- AccPageTitleTest -->
  <testcase name="@BeforeTest setup" time="0.0" classname="com.qa.opencart.base.BaseTest">
    <ignored/>
  </testcase> <!-- @BeforeTest setup -->
  <testcase name="@BeforeTest setup" time="0.0" classname="com.qa.opencart.base.BaseTest">
    <ignored/>
  </testcase> <!-- @BeforeTest setup -->
  <testcase name="@BeforeTest setup" time="0.0" classname="com.qa.opencart.base.BaseTest">
    <ignored/>
  </testcase> <!-- @BeforeTest setup -->
  <testcase name="@BeforeTest setup" time="0.0" classname="com.qa.opencart.base.BaseTest">
    <ignored/>
  </testcase> <!-- @BeforeTest setup -->
  <testcase name="@AfterTest teardown" time="0.0" classname="com.qa.opencart.base.BaseTest">
    <ignored/>
  </testcase> <!-- @AfterTest teardown -->
  <testcase name="@AfterTest teardown" time="0.0" classname="com.qa.opencart.base.BaseTest">
    <ignored/>
  </testcase> <!-- @AfterTest teardown -->
  <testcase name="@AfterTest teardown" time="0.0" classname="com.qa.opencart.base.BaseTest">
    <ignored/>
  </testcase> <!-- @AfterTest teardown -->
  <testcase name="@AfterTest teardown" time="0.0" classname="com.qa.opencart.base.BaseTest">
    <ignored/>
  </testcase> <!-- @AfterTest teardown -->
</testsuite> <!-- Surefire test -->
