<?xml version="1.0" encoding="UTF-8"?>
<!-- Generated by org.testng.reporters.JUnitXMLReporter -->
<testsuite hostname="DESKTOP-LMC7CMN" ignored="0" name="Accounts Page Test" tests="6" failures="0" timestamp="2022-05-11T23:41:14 IST" time="1.681" errors="0">
  <testcase name="@BeforeTest setup" time="1.626" classname="com.qa.opencart.base.BaseTest">
    <failure type="java.lang.NullPointerException">
      <![CDATA[java.lang.NullPointerException
at com.qa.opencart.factory.DriverFactory.init_driver(DriverFactory.java:58)
at com.qa.opencart.base.BaseTest.setup(BaseTest.java:34)
... Removed 24 stack frames]]>
    </failure>
  </testcase> <!-- @BeforeTest setup -->
  <testcase name="@BeforeClass AccSetUp" time="-1.652292674215E9" classname="com.qa.opencart.tests.AccountsPageTests">
    <skipped/>
  </testcase> <!-- @BeforeClass AccSetUp -->
  <testcase name="@AfterTest teardown" time="-1.65229267425E9" classname="com.qa.opencart.base.BaseTest">
    <skipped/>
  </testcase> <!-- @AfterTest teardown -->
  <testcase name="AccPageTitleTest" time="0.0" classname="com.qa.opencart.tests.AccountsPageTests">
    <skipped/>
  </testcase> <!-- AccPageTitleTest -->
  <testcase name="accPageHeaderTest" time="0.0" classname="com.qa.opencart.tests.AccountsPageTests">
    <skipped/>
  </testcase> <!-- accPageHeaderTest -->
  <testcase name="accPageSectionsCountTest" time="0.0" classname="com.qa.opencart.tests.AccountsPageTests">
    <skipped/>
  </testcase> <!-- accPageSectionsCountTest -->
  <testcase name="accpagesectionsTest" time="0.0" classname="com.qa.opencart.tests.AccountsPageTests">
    <skipped/>
  </testcase> <!-- accpagesectionsTest -->
  <testcase name="searchTest" time="0.0" classname="com.qa.opencart.tests.AccountsPageTests">
    <skipped/>
  </testcase> <!-- searchTest -->
  <testcase name="selectproducttest" time="0.0" classname="com.qa.opencart.tests.AccountsPageTests">
    <skipped/>
  </testcase> <!-- selectproducttest -->
</testsuite> <!-- Accounts Page Test -->
