<?xml version="1.0" encoding="UTF-8"?>
<!-- Generated by org.testng.reporters.JUnitXMLReporter -->
<testsuite hostname="DESKTOP-LMC7CMN" ignored="0" name="Login Page Test" tests="1" failures="0" timestamp="2022-05-11T23:41:12 IST" time="3.398" errors="0">
  <testcase name="@BeforeTest setup" time="3.303" classname="com.qa.opencart.base.BaseTest">
    <failure type="java.lang.NullPointerException">
      <![CDATA[java.lang.NullPointerException
at com.qa.opencart.factory.DriverFactory.init_driver(DriverFactory.java:58)
at com.qa.opencart.base.BaseTest.setup(BaseTest.java:34)
... Removed 24 stack frames]]>
    </failure>
  </testcase> <!-- @BeforeTest setup -->
  <testcase name="@BeforeClass AccSetUp" time="-1.65229267248E9" classname="com.qa.opencart.tests.ProductInfoPageTest">
    <skipped/>
  </testcase> <!-- @BeforeClass AccSetUp -->
  <testcase name="@AfterTest teardown" time="-1.652292672526E9" classname="com.qa.opencart.base.BaseTest">
    <skipped/>
  </testcase> <!-- @AfterTest teardown -->
  <testcase name="productinfodatatest" time="0.0" classname="com.qa.opencart.tests.ProductInfoPageTest">
    <skipped/>
  </testcase> <!-- productinfodatatest -->
</testsuite> <!-- Login Page Test -->
